<?xml version="1.0" encoding="UTF-8"?>
<testng-results skipped="0" failed="0" ignored="0" total="1" passed="1">
  <reporter-output>
  </reporter-output>
  <suite name="Default suite" duration-ms="28504" started-at="2018-06-15T09:18:27Z" finished-at="2018-06-15T09:18:56Z">
    <groups>
    </groups>
    <test name="Default test" duration-ms="28504" started-at="2018-06-15T09:18:27Z" finished-at="2018-06-15T09:18:56Z">
      <class name="testCases.TC_001_ValidateLoginFunctionality">
        <test-method status="PASS" signature="loginFunctionality()[pri:0, instance:testCases.TC_001_ValidateLoginFunctionality@5b275dab]" name="loginFunctionality" duration-ms="28470" started-at="2018-06-15T09:18:28Z" finished-at="2018-06-15T09:18:56Z">
          <reporter-output>
          </reporter-output>
        </test-method> <!-- loginFunctionality -->
      </class> <!-- testCases.TC_001_ValidateLoginFunctionality -->
    </test> <!-- Default test -->
  </suite> <!-- Default suite -->
</testng-results>
